<?xml version="1.0" encoding="UTF-8"?>
<testng-results ignored="0" total="1" passed="1" failed="0" skipped="0">
  <reporter-output>
  </reporter-output>
  <suite started-at="2022-07-30T19:01:01Z" name="The HULD Application Test Automation Test Suite" finished-at="2022-07-30T19:01:19Z" duration-ms="18131">
    <groups>
    </groups>
    <test started-at="2022-07-30T19:01:01Z" name="The HULD App Test Cases" finished-at="2022-07-30T19:01:19Z" duration-ms="18131">
      <class name="com.qa.huld.testcases.LandingPageTest">
        <test-method is-config="true" signature="setUp()[pri:0, instance:com.qa.huld.testcases.LandingPageTest@282cb7c7]" started-at="2022-07-30T20:01:01Z" name="setUp" finished-at="2022-07-30T20:01:10Z" duration-ms="8817" status="PASS">
          <reporter-output>
          </reporter-output>
        </test-method> <!-- setUp -->
        <test-method signature="givenTest()[pri:0, instance:com.qa.huld.testcases.LandingPageTest@282cb7c7]" started-at="2022-07-30T20:01:10Z" name="givenTest" finished-at="2022-07-30T20:01:19Z" duration-ms="9029" status="PASS">
          <reporter-output>
          </reporter-output>
        </test-method> <!-- givenTest -->
        <test-method is-config="true" signature="tearDown()[pri:0, instance:com.qa.huld.testcases.LandingPageTest@282cb7c7]" started-at="2022-07-30T20:01:19Z" name="tearDown" finished-at="2022-07-30T20:01:19Z" duration-ms="252" status="PASS">
          <reporter-output>
          </reporter-output>
        </test-method> <!-- tearDown -->
      </class> <!-- com.qa.huld.testcases.LandingPageTest -->
    </test> <!-- The HULD App Test Cases -->
  </suite> <!-- The HULD Application Test Automation Test Suite -->
</testng-results>
