<?xml version="1.0" encoding="UTF-8"?>
<testng-results ignored="0" total="1" passed="1" failed="0" skipped="0">
  <reporter-output>
  </reporter-output>
  <suite started-at="2022-07-31T18:59:04Z" name="The HULD Application Test Automation Test Suite" finished-at="2022-07-31T18:59:21Z" duration-ms="17483">
    <groups>
    </groups>
    <test started-at="2022-07-31T18:59:04Z" name="The HULD App Test Cases" finished-at="2022-07-31T18:59:21Z" duration-ms="17483">
      <class name="com.qa.huld.testcases.LandingPageTest">
        <test-method is-config="true" signature="setUp()[pri:0, instance:com.qa.huld.testcases.LandingPageTest@181e731e]" started-at="2022-07-31T14:59:04Z" name="setUp" finished-at="2022-07-31T14:59:15Z" duration-ms="11134" status="PASS">
          <reporter-output>
          </reporter-output>
        </test-method> <!-- setUp -->
        <test-method signature="givenTest()[pri:0, instance:com.qa.huld.testcases.LandingPageTest@181e731e]" started-at="2022-07-31T14:59:15Z" name="givenTest" finished-at="2022-07-31T14:59:21Z" duration-ms="6170" status="PASS">
          <reporter-output>
          </reporter-output>
        </test-method> <!-- givenTest -->
        <test-method is-config="true" signature="tearDown()[pri:0, instance:com.qa.huld.testcases.LandingPageTest@181e731e]" started-at="2022-07-31T14:59:21Z" name="tearDown" finished-at="2022-07-31T14:59:21Z" duration-ms="163" status="PASS">
          <reporter-output>
          </reporter-output>
        </test-method> <!-- tearDown -->
      </class> <!-- com.qa.huld.testcases.LandingPageTest -->
    </test> <!-- The HULD App Test Cases -->
  </suite> <!-- The HULD Application Test Automation Test Suite -->
</testng-results>
